2022-12-27 13:23:51.550 | DEBUG    | hcaptcha_challenger._solutions.kernel:_request_asset:320 - Downloading objects.yaml from https://raw.githubusercontent.com/QIN2DIM/hcaptcha-challenger/main/src/objects.yaml
2022-12-27 13:23:51.665 | DEBUG    | hcaptcha_challenger._solutions.kernel:request_assets:148 - Pulling AssetsObject from https://api.github.com/repos/QIN2DIM/hcaptcha-challenger/releases
2022-12-27 13:23:51.936 | DEBUG    | hcaptcha_challenger._solutions.kernel:_request_asset:320 - Downloading yolov6n.onnx from https://github.com/QIN2DIM/hcaptcha-challenger/releases/download/model/yolov6n.onnx
2022-12-27 13:23:56.695 | INFO     | services.deploy:job_loop_claim:104 - >> STARTUP [AwesomeScheduler] SynergyTunnel - version=0.4.4-dev Pattern=False
2022-12-27 13:23:58.587 | INFO     | services.bricklayer.core:refresh_ctx_cookies:691 - >> MATCH [__context__] 🎮启动挑战者上下文
2022-12-27 13:23:58.634 | INFO     | services.bricklayer.core:login:491 - >> MATCH [CookieManager] 刷新令牌
2022-12-27 13:24:13.824 | INFO     | services.bricklayer.core:login:526 - >> MATCH [CookieManager] 实体信息注入完毕
2022-12-27 13:24:13.825 | INFO     | services.bricklayer.core:fall_in_captcha_login:36 - >> ARMOR [ArmorUtils] 正在检测隐藏在登录界面的人机挑战...
2022-12-27 13:24:15.990 | DEBUG    | hcaptcha_challenger.core:log:315 - >> Challenge [ArmorCaptcha] Get label - label=「刺猬在岩石上」
2022-12-27 13:24:15.990 | DEBUG    | hcaptcha_challenger.core:log:315 - >> Challenge [ArmorCaptcha] 正在编排索引
2022-12-27 13:24:16.476 | DEBUG    | hcaptcha_challenger.core:log:315 - >> Challenge [ArmorCaptcha] 正在下载挑战图片
2022-12-27 13:24:17.744 | DEBUG    | hcaptcha_challenger.core:log:315 - >> Challenge [ArmorCaptcha] Download challenge images - timeit=1.27s
2022-12-27 13:24:17.961 | DEBUG    | hcaptcha_challenger._solutions.kernel:_request_asset:320 - Downloading hedgehog_on_rocks.onnx from https://github.com/QIN2DIM/hcaptcha-challenger/releases/download/model/hedgehog_on_rocks.onnx
2022-12-27 13:24:20.804 | DEBUG    | hcaptcha_challenger.core:log:315 - >> Challenge [ArmorCaptcha] Submit the challenge - hedgehog_on_rocks(ResNet)_model: 1.27s
2022-12-27 13:24:20.814 | DEBUG    | hcaptcha_challenger.core:log:315 - >> Challenge [ArmorCaptcha] 获取响应 - desc=继续挑战(continue)
2022-12-27 13:24:22.829 | DEBUG    | hcaptcha_challenger.core:log:315 - >> Challenge [ArmorCaptcha] Get label - label=「刺猬在岩石上」
2022-12-27 13:24:22.830 | DEBUG    | hcaptcha_challenger.core:log:315 - >> Challenge [ArmorCaptcha] 正在编排索引
2022-12-27 13:24:23.228 | DEBUG    | hcaptcha_challenger.core:log:315 - >> Challenge [ArmorCaptcha] 正在下载挑战图片
2022-12-27 13:24:24.231 | DEBUG    | hcaptcha_challenger.core:log:315 - >> Challenge [ArmorCaptcha] Download challenge images - timeit=1.0s
2022-12-27 13:24:26.451 | DEBUG    | hcaptcha_challenger.core:log:315 - >> Challenge [ArmorCaptcha] Submit the challenge - hedgehog_on_rocks(ResNet)_model: 0.6s
2022-12-27 13:24:26.471 | DEBUG    | hcaptcha_challenger.core:log:315 - >> Challenge [ArmorCaptcha] Checkout - status=再试一次
2022-12-27 13:24:26.471 | DEBUG    | hcaptcha_challenger.core:log:315 - >> Challenge [ArmorCaptcha] 获取响应 - desc=继续挑战(continue)
2022-12-27 13:24:28.474 | INFO     | services.bricklayer.core:login:491 - >> MATCH [CookieManager] 刷新令牌
2022-12-27 13:24:37.548 | INFO     | services.bricklayer.core:login:526 - >> MATCH [CookieManager] 实体信息注入完毕
2022-12-27 13:24:37.548 | INFO     | services.bricklayer.core:fall_in_captcha_login:36 - >> ARMOR [ArmorUtils] 正在检测隐藏在登录界面的人机挑战...
2022-12-27 13:24:39.693 | DEBUG    | hcaptcha_challenger.core:log:315 - >> Challenge [ArmorCaptcha] Get label - label=「玫瑰」
2022-12-27 13:24:39.693 | DEBUG    | hcaptcha_challenger.core:log:315 - >> Challenge [ArmorCaptcha] 正在编排索引
2022-12-27 13:24:40.021 | DEBUG    | hcaptcha_challenger.core:log:315 - >> Challenge [ArmorCaptcha] 正在下载挑战图片
2022-12-27 13:24:41.043 | DEBUG    | hcaptcha_challenger.core:log:315 - >> Challenge [ArmorCaptcha] Download challenge images - timeit=1.02s
2022-12-27 13:24:41.047 | DEBUG    | hcaptcha_challenger._solutions.kernel:_request_asset:320 - Downloading rose.onnx from https://github.com/QIN2DIM/hcaptcha-challenger/releases/download/model/rose.onnx
2022-12-27 13:24:43.028 | DEBUG    | hcaptcha_challenger.core:log:315 - >> Challenge [ArmorCaptcha] Submit the challenge - rose(ResNet)_model: 0.36s
2022-12-27 13:24:43.042 | DEBUG    | hcaptcha_challenger.core:log:315 - >> Challenge [ArmorCaptcha] 获取响应 - desc=继续挑战(continue)
2022-12-27 13:24:45.056 | DEBUG    | hcaptcha_challenger.core:log:315 - >> Challenge [ArmorCaptcha] Get label - label=「玫瑰」
2022-12-27 13:24:45.056 | DEBUG    | hcaptcha_challenger.core:log:315 - >> Challenge [ArmorCaptcha] 正在编排索引
2022-12-27 13:24:45.381 | DEBUG    | hcaptcha_challenger.core:log:315 - >> Challenge [ArmorCaptcha] 正在下载挑战图片
2022-12-27 13:24:46.420 | DEBUG    | hcaptcha_challenger.core:log:315 - >> Challenge [ArmorCaptcha] Download challenge images - timeit=1.04s
2022-12-27 13:24:48.347 | DEBUG    | hcaptcha_challenger.core:log:315 - >> Challenge [ArmorCaptcha] Submit the challenge - rose(ResNet)_model: 0.14s
2022-12-27 13:24:48.362 | DEBUG    | hcaptcha_challenger.core:log:315 - >> Challenge [ArmorCaptcha] Checkout - status=再试一次
2022-12-27 13:24:48.362 | DEBUG    | hcaptcha_challenger.core:log:315 - >> Challenge [ArmorCaptcha] 获取响应 - desc=继续挑战(continue)
2022-12-27 13:24:50.364 | INFO     | services.bricklayer.core:login:491 - >> MATCH [CookieManager] 刷新令牌
2022-12-27 13:24:58.529 | INFO     | services.bricklayer.core:login:526 - >> MATCH [CookieManager] 实体信息注入完毕
2022-12-27 13:24:58.529 | INFO     | services.bricklayer.core:fall_in_captcha_login:36 - >> ARMOR [ArmorUtils] 正在检测隐藏在登录界面的人机挑战...
2022-12-27 13:25:00.634 | DEBUG    | hcaptcha_challenger.core:log:315 - >> Challenge [ArmorCaptcha] Get label - label=「刺猬在岩石上」
2022-12-27 13:25:00.634 | DEBUG    | hcaptcha_challenger.core:log:315 - >> Challenge [ArmorCaptcha] 正在编排索引
2022-12-27 13:25:01.004 | DEBUG    | hcaptcha_challenger.core:log:315 - >> Challenge [ArmorCaptcha] 正在下载挑战图片
2022-12-27 13:25:02.041 | DEBUG    | hcaptcha_challenger.core:log:315 - >> Challenge [ArmorCaptcha] Download challenge images - timeit=1.04s
2022-12-27 13:25:04.173 | DEBUG    | hcaptcha_challenger.core:log:315 - >> Challenge [ArmorCaptcha] Submit the challenge - hedgehog_on_rocks(ResNet)_model: 0.62s
2022-12-27 13:25:04.182 | DEBUG    | hcaptcha_challenger.core:log:315 - >> Challenge [ArmorCaptcha] 获取响应 - desc=继续挑战(continue)
2022-12-27 13:25:06.197 | DEBUG    | hcaptcha_challenger.core:log:315 - >> Challenge [ArmorCaptcha] Get label - label=「刺猬在岩石上」
2022-12-27 13:25:06.198 | DEBUG    | hcaptcha_challenger.core:log:315 - >> Challenge [ArmorCaptcha] 正在编排索引
2022-12-27 13:25:06.527 | DEBUG    | hcaptcha_challenger.core:log:315 - >> Challenge [ArmorCaptcha] 正在下载挑战图片
2022-12-27 13:25:07.486 | DEBUG    | hcaptcha_challenger.core:log:315 - >> Challenge [ArmorCaptcha] Download challenge images - timeit=0.96s
2022-12-27 13:25:10.118 | DEBUG    | hcaptcha_challenger.core:log:315 - >> Challenge [ArmorCaptcha] Submit the challenge - hedgehog_on_rocks(ResNet)_model: 0.61s
2022-12-27 13:25:10.133 | DEBUG    | hcaptcha_challenger.core:log:315 - >> Challenge [ArmorCaptcha] Checkout - status=再试一次
2022-12-27 13:25:10.134 | DEBUG    | hcaptcha_challenger.core:log:315 - >> Challenge [ArmorCaptcha] 获取响应 - desc=继续挑战(continue)
2022-12-27 13:25:12.136 | INFO     | services.bricklayer.core:login:491 - >> MATCH [CookieManager] 刷新令牌
2022-12-27 13:25:20.140 | INFO     | services.bricklayer.core:login:526 - >> MATCH [CookieManager] 实体信息注入完毕
2022-12-27 13:25:20.141 | INFO     | services.bricklayer.core:fall_in_captcha_login:36 - >> ARMOR [ArmorUtils] 正在检测隐藏在登录界面的人机挑战...
2022-12-27 13:25:22.256 | DEBUG    | hcaptcha_challenger.core:log:315 - >> Challenge [ArmorCaptcha] Get label - label=「玫瑰」
2022-12-27 13:25:22.256 | DEBUG    | hcaptcha_challenger.core:log:315 - >> Challenge [ArmorCaptcha] 正在编排索引
2022-12-27 13:25:22.581 | DEBUG    | hcaptcha_challenger.core:log:315 - >> Challenge [ArmorCaptcha] 正在下载挑战图片
2022-12-27 13:25:23.568 | DEBUG    | hcaptcha_challenger.core:log:315 - >> Challenge [ArmorCaptcha] Download challenge images - timeit=0.99s
2022-12-27 13:25:25.345 | DEBUG    | hcaptcha_challenger.core:log:315 - >> Challenge [ArmorCaptcha] Submit the challenge - rose(ResNet)_model: 0.14s
2022-12-27 13:25:25.355 | DEBUG    | hcaptcha_challenger.core:log:315 - >> Challenge [ArmorCaptcha] 获取响应 - desc=继续挑战(continue)
2022-12-27 13:25:27.370 | DEBUG    | hcaptcha_challenger.core:log:315 - >> Challenge [ArmorCaptcha] Get label - label=「玫瑰」
2022-12-27 13:25:27.370 | DEBUG    | hcaptcha_challenger.core:log:315 - >> Challenge [ArmorCaptcha] 正在编排索引
2022-12-27 13:25:27.717 | DEBUG    | hcaptcha_challenger.core:log:315 - >> Challenge [ArmorCaptcha] 正在下载挑战图片
2022-12-27 13:25:28.739 | DEBUG    | hcaptcha_challenger.core:log:315 - >> Challenge [ArmorCaptcha] Download challenge images - timeit=1.02s
2022-12-27 13:25:30.310 | DEBUG    | hcaptcha_challenger.core:log:315 - >> Challenge [ArmorCaptcha] Submit the challenge - rose(ResNet)_model: 0.01s
2022-12-27 13:25:30.326 | DEBUG    | hcaptcha_challenger.core:log:315 - >> Challenge [ArmorCaptcha] Checkout - status=再试一次
2022-12-27 13:25:30.326 | DEBUG    | hcaptcha_challenger.core:log:315 - >> Challenge [ArmorCaptcha] 获取响应 - desc=继续挑战(continue)
2022-12-27 13:25:32.329 | INFO     | services.bricklayer.core:login:491 - >> MATCH [CookieManager] 刷新令牌
2022-12-27 13:25:40.428 | INFO     | services.bricklayer.core:login:526 - >> MATCH [CookieManager] 实体信息注入完毕
2022-12-27 13:25:40.428 | INFO     | services.bricklayer.core:fall_in_captcha_login:36 - >> ARMOR [ArmorUtils] 正在检测隐藏在登录界面的人机挑战...
2022-12-27 13:25:42.536 | DEBUG    | hcaptcha_challenger.core:log:315 - >> Challenge [ArmorCaptcha] Get label - label=「刺猬在岩石上」
2022-12-27 13:25:42.536 | DEBUG    | hcaptcha_challenger.core:log:315 - >> Challenge [ArmorCaptcha] 正在编排索引
2022-12-27 13:25:42.858 | DEBUG    | hcaptcha_challenger.core:log:315 - >> Challenge [ArmorCaptcha] 正在下载挑战图片
2022-12-27 13:25:43.835 | DEBUG    | hcaptcha_challenger.core:log:315 - >> Challenge [ArmorCaptcha] Download challenge images - timeit=0.98s
2022-12-27 13:25:46.192 | DEBUG    | hcaptcha_challenger.core:log:315 - >> Challenge [ArmorCaptcha] Submit the challenge - hedgehog_on_rocks(ResNet)_model: 0.6s
2022-12-27 13:25:46.203 | DEBUG    | hcaptcha_challenger.core:log:315 - >> Challenge [ArmorCaptcha] 获取响应 - desc=继续挑战(continue)
2022-12-27 13:25:48.219 | DEBUG    | hcaptcha_challenger.core:log:315 - >> Challenge [ArmorCaptcha] Get label - label=「刺猬在岩石上」
2022-12-27 13:25:48.219 | DEBUG    | hcaptcha_challenger.core:log:315 - >> Challenge [ArmorCaptcha] 正在编排索引
2022-12-27 13:25:48.588 | DEBUG    | hcaptcha_challenger.core:log:315 - >> Challenge [ArmorCaptcha] 正在下载挑战图片
2022-12-27 13:25:49.569 | DEBUG    | hcaptcha_challenger.core:log:315 - >> Challenge [ArmorCaptcha] Download challenge images - timeit=0.98s
2022-12-27 13:25:52.328 | DEBUG    | hcaptcha_challenger.core:log:315 - >> Challenge [ArmorCaptcha] Submit the challenge - hedgehog_on_rocks(ResNet)_model: 0.6s
2022-12-27 13:25:52.358 | DEBUG    | hcaptcha_challenger.core:log:315 - >> Challenge [ArmorCaptcha] Checkout - status=再试一次
2022-12-27 13:25:52.359 | DEBUG    | hcaptcha_challenger.core:log:315 - >> Challenge [ArmorCaptcha] 获取响应 - desc=继续挑战(continue)
2022-12-27 13:25:54.361 | INFO     | services.bricklayer.core:login:491 - >> MATCH [CookieManager] 刷新令牌
2022-12-27 13:26:02.501 | INFO     | services.bricklayer.core:login:526 - >> MATCH [CookieManager] 实体信息注入完毕
2022-12-27 13:26:02.501 | INFO     | services.bricklayer.core:fall_in_captcha_login:36 - >> ARMOR [ArmorUtils] 正在检测隐藏在登录界面的人机挑战...
2022-12-27 13:26:04.618 | DEBUG    | hcaptcha_challenger.core:log:315 - >> Challenge [ArmorCaptcha] Get label - label=「刺猬在岩石上」
2022-12-27 13:26:04.618 | DEBUG    | hcaptcha_challenger.core:log:315 - >> Challenge [ArmorCaptcha] 正在编排索引
2022-12-27 13:26:04.967 | DEBUG    | hcaptcha_challenger.core:log:315 - >> Challenge [ArmorCaptcha] 正在下载挑战图片
2022-12-27 13:26:06.011 | DEBUG    | hcaptcha_challenger.core:log:315 - >> Challenge [ArmorCaptcha] Download challenge images - timeit=1.04s
2022-12-27 13:26:08.210 | DEBUG    | hcaptcha_challenger.core:log:315 - >> Challenge [ArmorCaptcha] Submit the challenge - hedgehog_on_rocks(ResNet)_model: 0.6s
2022-12-27 13:26:08.219 | DEBUG    | hcaptcha_challenger.core:log:315 - >> Challenge [ArmorCaptcha] 获取响应 - desc=继续挑战(continue)
2022-12-27 13:26:10.235 | DEBUG    | hcaptcha_challenger.core:log:315 - >> Challenge [ArmorCaptcha] Get label - label=「刺猬在岩石上」
2022-12-27 13:26:10.235 | DEBUG    | hcaptcha_challenger.core:log:315 - >> Challenge [ArmorCaptcha] 正在编排索引
2022-12-27 13:26:10.575 | DEBUG    | hcaptcha_challenger.core:log:315 - >> Challenge [ArmorCaptcha] 正在下载挑战图片
2022-12-27 13:26:11.587 | DEBUG    | hcaptcha_challenger.core:log:315 - >> Challenge [ArmorCaptcha] Download challenge images - timeit=1.01s
2022-12-27 13:26:14.080 | DEBUG    | hcaptcha_challenger.core:log:315 - >> Challenge [ArmorCaptcha] Submit the challenge - hedgehog_on_rocks(ResNet)_model: 0.6s
2022-12-27 13:26:14.095 | DEBUG    | hcaptcha_challenger.core:log:315 - >> Challenge [ArmorCaptcha] Checkout - status=再试一次
2022-12-27 13:26:14.095 | DEBUG    | hcaptcha_challenger.core:log:315 - >> Challenge [ArmorCaptcha] 获取响应 - desc=继续挑战(continue)
2022-12-27 13:26:16.097 | INFO     | services.bricklayer.core:login:491 - >> MATCH [CookieManager] 刷新令牌
2022-12-27 13:26:24.411 | INFO     | services.bricklayer.core:login:526 - >> MATCH [CookieManager] 实体信息注入完毕
2022-12-27 13:26:24.411 | INFO     | services.bricklayer.core:fall_in_captcha_login:36 - >> ARMOR [ArmorUtils] 正在检测隐藏在登录界面的人机挑战...
2022-12-27 13:26:26.528 | DEBUG    | hcaptcha_challenger.core:log:315 - >> Challenge [ArmorCaptcha] Get label - label=「玫瑰」
2022-12-27 13:26:26.528 | DEBUG    | hcaptcha_challenger.core:log:315 - >> Challenge [ArmorCaptcha] 正在编排索引
2022-12-27 13:26:26.922 | DEBUG    | hcaptcha_challenger.core:log:315 - >> Challenge [ArmorCaptcha] 正在下载挑战图片
2022-12-27 13:26:27.918 | DEBUG    | hcaptcha_challenger.core:log:315 - >> Challenge [ArmorCaptcha] Download challenge images - timeit=1.0s
2022-12-27 13:26:29.446 | DEBUG    | hcaptcha_challenger.core:log:315 - >> Challenge [ArmorCaptcha] Submit the challenge - rose(ResNet)_model: 0.07s
2022-12-27 13:26:29.455 | DEBUG    | hcaptcha_challenger.core:log:315 - >> Challenge [ArmorCaptcha] 获取响应 - desc=继续挑战(continue)
2022-12-27 13:26:31.469 | DEBUG    | hcaptcha_challenger.core:log:315 - >> Challenge [ArmorCaptcha] Get label - label=「玫瑰」
2022-12-27 13:26:31.469 | DEBUG    | hcaptcha_challenger.core:log:315 - >> Challenge [ArmorCaptcha] 正在编排索引
2022-12-27 13:26:31.782 | DEBUG    | hcaptcha_challenger.core:log:315 - >> Challenge [ArmorCaptcha] 正在下载挑战图片
2022-12-27 13:26:32.763 | DEBUG    | hcaptcha_challenger.core:log:315 - >> Challenge [ArmorCaptcha] Download challenge images - timeit=0.98s
2022-12-27 13:26:34.343 | DEBUG    | hcaptcha_challenger.core:log:315 - >> Challenge [ArmorCaptcha] Submit the challenge - rose(ResNet)_model: 0.08s
2022-12-27 13:26:34.360 | DEBUG    | hcaptcha_challenger.core:log:315 - >> Challenge [ArmorCaptcha] Checkout - status=再试一次
2022-12-27 13:26:34.360 | DEBUG    | hcaptcha_challenger.core:log:315 - >> Challenge [ArmorCaptcha] 获取响应 - desc=继续挑战(continue)
2022-12-27 13:26:36.362 | INFO     | services.bricklayer.core:login:491 - >> MATCH [CookieManager] 刷新令牌
2022-12-27 13:26:44.398 | INFO     | services.bricklayer.core:login:526 - >> MATCH [CookieManager] 实体信息注入完毕
2022-12-27 13:26:44.398 | INFO     | services.bricklayer.core:fall_in_captcha_login:36 - >> ARMOR [ArmorUtils] 正在检测隐藏在登录界面的人机挑战...
2022-12-27 13:26:46.505 | DEBUG    | hcaptcha_challenger.core:log:315 - >> Challenge [ArmorCaptcha] Get label - label=「玫瑰」
2022-12-27 13:26:46.505 | DEBUG    | hcaptcha_challenger.core:log:315 - >> Challenge [ArmorCaptcha] 正在编排索引
2022-12-27 13:26:46.850 | DEBUG    | hcaptcha_challenger.core:log:315 - >> Challenge [ArmorCaptcha] 正在下载挑战图片
2022-12-27 13:26:47.850 | DEBUG    | hcaptcha_challenger.core:log:315 - >> Challenge [ArmorCaptcha] Download challenge images - timeit=1.0s
2022-12-27 13:26:49.589 | DEBUG    | hcaptcha_challenger.core:log:315 - >> Challenge [ArmorCaptcha] Submit the challenge - rose(ResNet)_model: 0.14s
2022-12-27 13:26:49.598 | DEBUG    | hcaptcha_challenger.core:log:315 - >> Challenge [ArmorCaptcha] 获取响应 - desc=继续挑战(continue)
2022-12-27 13:26:51.614 | DEBUG    | hcaptcha_challenger.core:log:315 - >> Challenge [ArmorCaptcha] Get label - label=「玫瑰」
2022-12-27 13:26:51.614 | DEBUG    | hcaptcha_challenger.core:log:315 - >> Challenge [ArmorCaptcha] 正在编排索引
2022-12-27 13:26:51.953 | DEBUG    | hcaptcha_challenger.core:log:315 - >> Challenge [ArmorCaptcha] 正在下载挑战图片
2022-12-27 13:26:52.952 | DEBUG    | hcaptcha_challenger.core:log:315 - >> Challenge [ArmorCaptcha] Download challenge images - timeit=1.0s
2022-12-27 13:26:54.162 | DEBUG    | hcaptcha_challenger.core:log:315 - >> Challenge [ArmorCaptcha] Submit the challenge - rose(ResNet)_model: 0.01s
2022-12-27 13:26:54.178 | DEBUG    | hcaptcha_challenger.core:log:315 - >> Challenge [ArmorCaptcha] Checkout - status=再试一次
2022-12-27 13:26:54.178 | DEBUG    | hcaptcha_challenger.core:log:315 - >> Challenge [ArmorCaptcha] 获取响应 - desc=继续挑战(continue)
2022-12-27 13:26:56.180 | INFO     | services.bricklayer.core:login:491 - >> MATCH [CookieManager] 刷新令牌
2022-12-27 13:27:04.399 | INFO     | services.bricklayer.core:login:526 - >> MATCH [CookieManager] 实体信息注入完毕
2022-12-27 13:27:04.400 | INFO     | services.bricklayer.core:fall_in_captcha_login:36 - >> ARMOR [ArmorUtils] 正在检测隐藏在登录界面的人机挑战...
2022-12-27 13:27:06.536 | DEBUG    | hcaptcha_challenger.core:log:315 - >> Challenge [ArmorCaptcha] Get label - label=「刺猬在岩石上」
2022-12-27 13:27:06.536 | DEBUG    | hcaptcha_challenger.core:log:315 - >> Challenge [ArmorCaptcha] 正在编排索引
2022-12-27 13:27:06.873 | DEBUG    | hcaptcha_challenger.core:log:315 - >> Challenge [ArmorCaptcha] 正在下载挑战图片
2022-12-27 13:27:07.893 | DEBUG    | hcaptcha_challenger.core:log:315 - >> Challenge [ArmorCaptcha] Download challenge images - timeit=1.02s
2022-12-27 13:27:10.089 | DEBUG    | hcaptcha_challenger.core:log:315 - >> Challenge [ArmorCaptcha] Submit the challenge - hedgehog_on_rocks(ResNet)_model: 0.6s
2022-12-27 13:27:10.098 | DEBUG    | hcaptcha_challenger.core:log:315 - >> Challenge [ArmorCaptcha] 获取响应 - desc=继续挑战(continue)
2022-12-27 13:27:12.117 | DEBUG    | hcaptcha_challenger.core:log:315 - >> Challenge [ArmorCaptcha] Get label - label=「刺猬在岩石上」
2022-12-27 13:27:12.117 | DEBUG    | hcaptcha_challenger.core:log:315 - >> Challenge [ArmorCaptcha] 正在编排索引
2022-12-27 13:27:12.435 | DEBUG    | hcaptcha_challenger.core:log:315 - >> Challenge [ArmorCaptcha] 正在下载挑战图片
2022-12-27 13:27:13.516 | DEBUG    | hcaptcha_challenger.core:log:315 - >> Challenge [ArmorCaptcha] Download challenge images - timeit=1.08s
2022-12-27 13:27:15.859 | DEBUG    | hcaptcha_challenger.core:log:315 - >> Challenge [ArmorCaptcha] Submit the challenge - hedgehog_on_rocks(ResNet)_model: 0.6s
2022-12-27 13:27:15.875 | DEBUG    | hcaptcha_challenger.core:log:315 - >> Challenge [ArmorCaptcha] Checkout - status=再试一次
2022-12-27 13:27:15.875 | DEBUG    | hcaptcha_challenger.core:log:315 - >> Challenge [ArmorCaptcha] 获取响应 - desc=继续挑战(continue)
2022-12-27 13:27:17.878 | CRITICAL | services.bricklayer.core:refresh_ctx_cookies:717 - >> MISS [CookieManager] Identity token update failed
2022-12-27 13:27:22.814 | INFO     | services.bricklayer.core:load_ctx_cookies:659 - >> LOAD [CookieManager] Load context cookie
2022-12-27 13:27:22.815 | INFO     | services.explorer.explorer:get_oder_history:216 - 初始化订单数据
2022-12-27 13:27:22.990 | ERROR    | services.explorer.explorer:get_order_history:142 - Failed to get order history, cookie may have expired
Traceback (most recent call last):
  File "/home/runner/work/gamer/gamer/epic/src/main.py", line 11, in <module>
    Fire(Scaffold)
  File "/opt/hostedtoolcache/Python/3.10.9/x64/lib/python3.10/site-packages/fire/core.py", line 141, in Fire
    component_trace = _Fire(component, args, parsed_flag_args, context, name)
  File "/opt/hostedtoolcache/Python/3.10.9/x64/lib/python3.10/site-packages/fire/core.py", line 466, in _Fire
    component, remaining_args = _CallAndUpdateTrace(
  File "/opt/hostedtoolcache/Python/3.10.9/x64/lib/python3.10/site-packages/fire/core.py", line 681, in _CallAndUpdateTrace
    component = fn(*varargs, **kwargs)
  File "/home/runner/work/gamer/gamer/epic/src/services/scaffold.py", line 138, in claim
    claimer.run(silence=silence, log_ignore=ignore, unreal=unreal)
  File "/home/runner/work/gamer/gamer/epic/src/apis/scaffold/claimer.py", line 26, in run
    ClaimerScheduler(silence=silence, unreal=unreal).job_loop_claim(log_ignore)
  File "/home/runner/work/gamer/gamer/epic/src/services/deploy.py", line 112, in job_loop_claim
    claimer.just_do_it()
  File "/home/runner/work/gamer/gamer/epic/src/services/deploy.py", line 309, in just_do_it
    fire(
  File "/home/runner/work/gamer/gamer/epic/src/services/utils/toolbox.py", line 84, in fire
    container(context)
  File "/home/runner/work/gamer/gamer/epic/src/services/deploy.py", line 301, in run
    promotions = self.preload()
  File "/home/runner/work/gamer/gamer/epic/src/services/deploy.py", line 269, in preload
    self.ph.get_oder_history(ctx_cookies=self._ctx_cookies)
  File "/home/runner/work/gamer/gamer/epic/src/services/explorer/explorer.py", line 219, in get_oder_history
    if resp := explorer.get_order_history(ctx_cookies):
> File "/home/runner/work/gamer/gamer/epic/src/services/explorer/explorer.py", line 140, in get_order_history
    raise RequestException("Failed to get order history, cookie may have expired")
requests.exceptions.RequestException: Failed to get order history, cookie may have expired
2022-12-27 13:27:23.348 | DEBUG    | services.deploy:preload:286 - >> Checkout [GameClaimer] F.I.S.T.: Forged In Shadow Torch - state=待认领 link=https://store.epicgames.com/zh-CN/p/fist-forged-in-shadow-torch
2022-12-27 13:27:26.666 | DEBUG    | services.bricklayer.game:purchase_status:113 - >> Checkout [GameClaimer] F.I.S.T.: Forged In Shadow Torch - state=获取 link=https://store.epicgames.com/zh-CN/p/fist-forged-in-shadow-torch
2022-12-27 13:27:27.074 | INFO     | services.bricklayer.game:get_free_game:152 - [🔖] 已激活商品页零元购订单
2022-12-27 13:27:27.087 | DEBUG    | services.bricklayer.core:cart_handle_payment:556 - [🛵] 处理购物订单...
2022-12-27 13:28:02.325 | ERROR    | services.scaffold:claim:138 - An error has been caught in function 'claim', process 'MainProcess' (1888), thread 'MainThread' (139759784311872):
Traceback (most recent call last):
  File "/home/runner/work/gamer/gamer/epic/src/main.py", line 11, in <module>
    Fire(Scaffold)
  File "/opt/hostedtoolcache/Python/3.10.9/x64/lib/python3.10/site-packages/fire/core.py", line 141, in Fire
    component_trace = _Fire(component, args, parsed_flag_args, context, name)
  File "/opt/hostedtoolcache/Python/3.10.9/x64/lib/python3.10/site-packages/fire/core.py", line 466, in _Fire
    component, remaining_args = _CallAndUpdateTrace(
  File "/opt/hostedtoolcache/Python/3.10.9/x64/lib/python3.10/site-packages/fire/core.py", line 681, in _CallAndUpdateTrace
    component = fn(*varargs, **kwargs)
> File "/home/runner/work/gamer/gamer/epic/src/services/scaffold.py", line 138, in claim
    claimer.run(silence=silence, log_ignore=ignore, unreal=unreal)
  File "/home/runner/work/gamer/gamer/epic/src/apis/scaffold/claimer.py", line 26, in run
    ClaimerScheduler(silence=silence, unreal=unreal).job_loop_claim(log_ignore)
  File "/home/runner/work/gamer/gamer/epic/src/services/deploy.py", line 112, in job_loop_claim
    claimer.just_do_it()
  File "/home/runner/work/gamer/gamer/epic/src/services/deploy.py", line 309, in just_do_it
    fire(
  File "/home/runner/work/gamer/gamer/epic/src/services/utils/toolbox.py", line 84, in fire
    container(context)
  File "/home/runner/work/gamer/gamer/epic/src/services/deploy.py", line 305, in run
    result = empower_games_claimer(self.bricklayer, promotion.url, page, pattern="get")
  File "/home/runner/work/gamer/gamer/epic/src/services/bricklayer/game.py", line 170, in empower_games_claimer
    return claimer.get_free_game(page_link=page_link, page=page, pattern=pattern)
  File "/home/runner/work/gamer/gamer/epic/src/services/bricklayer/game.py", line 157, in get_free_game
    self.cart_handle_payment(page)  # mode: get
  File "/home/runner/work/gamer/gamer/epic/src/services/bricklayer/core.py", line 557, in cart_handle_payment
    if self._click_order_button(page):  # cart_handle_payment
  File "/home/runner/work/gamer/gamer/epic/src/services/bricklayer/core.py", line 456, in _click_order_button
    payment_btn.click()
  File "/opt/hostedtoolcache/Python/3.10.9/x64/lib/python3.10/site-packages/playwright/sync_api/_generated.py", line 13519, in click
    self._sync(
  File "/opt/hostedtoolcache/Python/3.10.9/x64/lib/python3.10/site-packages/playwright/_impl/_sync_base.py", line 104, in _sync
    return task.result()
  File "/opt/hostedtoolcache/Python/3.10.9/x64/lib/python3.10/site-packages/playwright/_impl/_locator.py", line 149, in click
    return await self._frame.click(self._selector, strict=True, **params)
  File "/opt/hostedtoolcache/Python/3.10.9/x64/lib/python3.10/site-packages/playwright/_impl/_frame.py", line 484, in click
    await self._channel.send("click", locals_to_params(locals()))
  File "/opt/hostedtoolcache/Python/3.10.9/x64/lib/python3.10/site-packages/playwright/_impl/_connection.py", line 43, in send
    return await self._connection.wrap_api_call(
  File "/opt/hostedtoolcache/Python/3.10.9/x64/lib/python3.10/site-packages/playwright/_impl/_connection.py", line 396, in wrap_api_call
    return await cb()
  File "/opt/hostedtoolcache/Python/3.10.9/x64/lib/python3.10/site-packages/playwright/_impl/_connection.py", line 78, in inner_send
    result = next(iter(done)).result()
playwright._impl._api_types.TimeoutError: Timeout 30000ms exceeded.
=========================== logs ===========================
  waiting for frame "xpath=//div[@id='webPurchaseContainer']//iframe"
============================================================
